[2020-12-14T02:19:10.624Z] starting `heroku update --autoupdate` from /data/data/com.termux/files/usr/bin/heroku
waiting until 2020-12-14T03:19:10.604Z to update
waiting until 2020-12-14T03:19:54.642Z to update
waiting until 2020-12-14T03:19:54.642Z to update
waiting until 2020-12-14T03:19:54.642Z to update
waiting until 2020-12-14T03:22:57.033Z to update
waiting until 2020-12-14T03:23:18.187Z to update
waiting until 2020-12-14T03:23:18.187Z to update
waiting until 2020-12-14T03:25:25.697Z to update
waiting until 2020-12-14T03:25:25.697Z to update
waiting until 2020-12-14T03:25:25.697Z to update
waiting until 2020-12-14T03:25:25.697Z to update
waiting until 2020-12-14T03:29:40.917Z to update
waiting until 2020-12-14T03:31:08.063Z to update
waiting until 2020-12-14T03:31:08.063Z to update
waiting until 2020-12-14T03:31:08.063Z to update
waiting until 2020-12-14T03:34:06.985Z to update
waiting until 2020-12-14T03:34:06.985Z to update
waiting until 2020-12-14T03:34:06.985Z to update
waiting until 2020-12-14T03:34:06.985Z to update
waiting until 2020-12-14T03:34:06.985Z to update
waiting until 2020-12-14T03:34:06.985Z to update
waiting until 2020-12-14T03:34:06.985Z to update
waiting until 2020-12-14T03:34:06.985Z to update
waiting until 2020-12-14T03:34:06.985Z to update
waiting until 2020-12-14T03:34:06.985Z to update
waiting until 2020-12-14T03:34:06.985Z to update
waiting until 2020-12-14T03:44:54.122Z to update
waiting until 2020-12-14T03:46:04.183Z to update
waiting until 2020-12-14T03:46:04.183Z to update
waiting until 2020-12-14T03:47:57.264Z to update
waiting until 2020-12-14T03:47:57.264Z to update
waiting until 2020-12-14T03:47:57.264Z to update
waiting until 2020-12-14T03:47:57.264Z to update
waiting until 2020-12-14T03:47:57.264Z to update
waiting until 2020-12-14T03:47:57.264Z to update
waiting until 2020-12-14T03:47:57.264Z to update
waiting until 2020-12-14T03:47:57.264Z to update
waiting until 2020-12-14T03:47:57.264Z to update
waiting until 2020-12-14T03:47:57.264Z to update
waiting until 2020-12-14T03:47:57.264Z to update
waiting until 2020-12-14T03:47:57.264Z to update
waiting until 2020-12-14T03:47:57.264Z to update
waiting until 2020-12-14T03:47:57.264Z to update
waiting until 2020-12-14T03:47:57.264Z to update
waiting until 2020-12-14T04:02:54.570Z to update
waiting until 2020-12-14T04:02:54.570Z to update
waiting until 2020-12-14T04:02:54.570Z to update
waiting until 2020-12-14T04:02:54.570Z to update
waiting until 2020-12-14T04:02:54.570Z to update
waiting until 2020-12-14T04:02:54.570Z to update
waiting until 2020-12-14T04:02:54.570Z to update
waiting until 2020-12-14T04:02:54.570Z to update
waiting until 2020-12-14T04:02:54.570Z to update
waiting until 2020-12-14T04:02:54.570Z to update
waiting until 2020-12-14T04:02:54.570Z to update
waiting until 2020-12-14T04:02:54.570Z to update
waiting until 2020-12-14T04:02:54.570Z to update
waiting until 2020-12-14T04:02:54.570Z to update
waiting until 2020-12-14T04:02:54.570Z to update
waiting until 2020-12-14T04:02:54.570Z to update
waiting until 2020-12-14T04:02:54.570Z to update
waiting until 2020-12-14T04:02:54.570Z to update
waiting until 2020-12-14T04:02:54.570Z to update
waiting until 2020-12-14T04:02:54.570Z to update
waiting until 2020-12-14T04:02:54.570Z to update
waiting until 2020-12-14T04:02:54.570Z to update
waiting until 2020-12-14T04:02:54.570Z to update
waiting until 2020-12-14T04:25:59.134Z to update
waiting until 2020-12-14T04:25:59.134Z to update
waiting until 2020-12-14T04:25:59.134Z to update
waiting until 2020-12-14T04:25:59.134Z to update
waiting until 2020-12-14T04:25:59.134Z to update
waiting until 2020-12-14T04:25:59.134Z to update
waiting until 2020-12-14T04:25:59.134Z to update
waiting until 2020-12-14T04:25:59.134Z to update
waiting until 2020-12-14T04:25:59.134Z to update
waiting until 2020-12-14T04:25:59.134Z to update
waiting until 2020-12-14T04:25:59.134Z to update
waiting until 2020-12-14T04:25:59.134Z to update
waiting until 2020-12-14T04:37:22.697Z to update
waiting until 2020-12-14T04:37:22.697Z to update
waiting until 2020-12-14T04:40:11.679Z to update
waiting until 2020-12-14T04:40:11.679Z to update
waiting until 2020-12-14T04:40:11.679Z to update
waiting until 2020-12-14T04:40:11.679Z to update
waiting until 2020-12-14T04:40:11.679Z to update
waiting until 2020-12-14T04:40:11.679Z to update
waiting until 2020-12-14T04:40:11.679Z to update
waiting until 2020-12-14T04:40:11.679Z to update
waiting until 2020-12-14T04:40:11.679Z to update
waiting until 2020-12-14T04:40:11.679Z to update
waiting until 2020-12-14T04:40:11.679Z to update
waiting until 2020-12-14T04:40:11.679Z to update
waiting until 2020-12-14T04:40:11.679Z to update
waiting until 2020-12-14T04:40:11.679Z to update
waiting until 2020-12-14T04:40:11.679Z to update
waiting until 2020-12-14T04:40:11.679Z to update
waiting until 2020-12-14T04:40:11.679Z to update
waiting until 2020-12-14T04:40:11.679Z to update
waiting until 2020-12-14T04:40:11.679Z to update
waiting until 2020-12-14T04:40:11.679Z to update
waiting until 2020-12-14T04:40:11.679Z to update
waiting until 2020-12-14T04:40:11.679Z to update
waiting until 2020-12-14T04:40:11.679Z to update
waiting until 2020-12-14T04:40:11.679Z to update
waiting until 2020-12-14T04:40:11.679Z to update
waiting until 2020-12-14T04:40:11.679Z to update
waiting until 2020-12-14T04:40:11.679Z to update
waiting until 2020-12-14T04:40:11.679Z to update
waiting until 2020-12-14T04:40:11.679Z to update
waiting until 2020-12-14T04:40:11.679Z to update
waiting until 2020-12-14T04:40:11.679Z to update
waiting until 2020-12-14T04:40:11.679Z to update
waiting until 2020-12-14T04:40:11.679Z to update
waiting until 2020-12-14T04:40:11.679Z to update
waiting until 2020-12-14T04:40:11.679Z to update
waiting until 2020-12-14T04:40:11.679Z to update
waiting until 2020-12-14T04:40:11.679Z to update
waiting until 2020-12-14T04:40:11.679Z to update
waiting until 2020-12-14T04:40:11.679Z to update
waiting until 2020-12-14T04:40:11.679Z to update
waiting until 2020-12-14T04:40:11.679Z to update
waiting until 2020-12-14T04:40:11.679Z to update
waiting until 2020-12-14T04:40:11.679Z to update
waiting until 2020-12-14T04:40:11.679Z to update
waiting until 2020-12-14T04:40:11.679Z to update
waiting until 2020-12-14T04:40:11.679Z to update
waiting until 2020-12-14T04:40:11.679Z to update
waiting until 2020-12-14T05:27:10.054Z to update
waiting until 2020-12-14T05:27:10.054Z to update
waiting until 2020-12-14T05:27:10.054Z to update
waiting until 2020-12-14T05:27:10.054Z to update
waiting until 2020-12-14T05:27:10.054Z to update
waiting until 2020-12-14T05:27:10.054Z to update
waiting until 2020-12-14T05:27:10.054Z to update
waiting until 2020-12-14T05:27:10.054Z to update
waiting until 2020-12-14T05:27:10.054Z to update
waiting until 2020-12-14T05:27:10.054Z to update
waiting until 2020-12-14T05:36:50.369Z to update
waiting until 2020-12-14T05:36:50.369Z to update
waiting until 2020-12-14T05:36:50.369Z to update
waiting until 2020-12-14T05:36:50.369Z to update
waiting until 2020-12-14T05:36:50.369Z to update
waiting until 2020-12-14T05:36:50.369Z to update
waiting until 2020-12-14T05:36:50.369Z to update
waiting until 2020-12-14T05:36:50.369Z to update
waiting until 2020-12-14T05:36:50.369Z to update
waiting until 2020-12-14T05:36:50.369Z to update
waiting until 2020-12-14T05:47:00.692Z to update
waiting until 2020-12-14T05:47:00.692Z to update
waiting until 2020-12-14T05:47:00.692Z to update
waiting until 2020-12-14T05:47:00.692Z to update
waiting until 2020-12-14T05:47:00.692Z to update
waiting until 2020-12-14T05:47:00.692Z to update
waiting until 2020-12-14T05:47:00.692Z to update
waiting until 2020-12-14T05:47:00.692Z to update
waiting until 2020-12-14T05:47:00.692Z to update
waiting until 2020-12-14T05:47:00.692Z to update
waiting until 2020-12-14T05:47:00.692Z to update
waiting until 2020-12-14T05:47:00.692Z to update
waiting until 2020-12-14T05:47:00.692Z to update
waiting until 2020-12-14T05:47:00.692Z to update
waiting until 2020-12-14T05:47:00.692Z to update
waiting until 2020-12-14T05:47:00.692Z to update
waiting until 2020-12-14T05:47:00.692Z to update
waiting until 2020-12-14T06:04:00.131Z to update
waiting until 2020-12-14T06:04:00.131Z to update
waiting until 2020-12-14T06:06:08.450Z to update
waiting until 2020-12-14T06:06:08.450Z to update
waiting until 2020-12-14T06:06:08.450Z to update
waiting until 2020-12-14T06:06:08.450Z to update
waiting until 2020-12-14T06:09:37.363Z to update
waiting until 2020-12-14T06:09:37.363Z to update
waiting until 2020-12-14T06:09:37.363Z to update
waiting until 2020-12-14T06:09:37.363Z to update
waiting until 2020-12-14T06:13:56.950Z to update
waiting until 2020-12-14T06:14:43.509Z to update
waiting until 2020-12-14T06:14:43.509Z to update
waiting until 2020-12-14T06:16:48.243Z to update
waiting until 2020-12-14T06:16:48.243Z to update
waiting until 2020-12-14T06:19:23.996Z to update
waiting until 2020-12-14T06:19:52.089Z to update
waiting until 2020-12-14T06:20:47.448Z to update
waiting until 2020-12-14T06:20:47.448Z to update
waiting until 2020-12-14T06:20:47.448Z to update
waiting until 2020-12-14T06:20:47.448Z to update
waiting until 2020-12-14T06:25:02.857Z to update
waiting until 2020-12-14T06:25:02.857Z to update
waiting until 2020-12-14T06:25:02.857Z to update
waiting until 2020-12-14T06:25:02.857Z to update
waiting until 2020-12-14T06:25:02.857Z to update
waiting until 2020-12-14T06:30:15.312Z to update
waiting until 2020-12-14T06:30:15.312Z to update
waiting until 2020-12-14T06:30:15.312Z to update
waiting until 2020-12-14T06:30:15.312Z to update
waiting until 2020-12-14T06:30:15.312Z to update
waiting until 2020-12-14T06:34:37.313Z to update
waiting until 2020-12-14T06:34:37.313Z to update
waiting until 2020-12-14T06:34:37.313Z to update
waiting until 2020-12-14T06:34:37.313Z to update
waiting until 2020-12-14T06:34:37.313Z to update
waiting until 2020-12-14T06:34:37.313Z to update
waiting until 2020-12-14T06:34:37.313Z to update
waiting until 2020-12-14T06:34:37.313Z to update
waiting until 2020-12-14T06:34:37.313Z to update
waiting until 2020-12-14T06:34:37.313Z to update
waiting until 2020-12-14T06:34:37.313Z to update
waiting until 2020-12-14T06:34:37.313Z to update
waiting until 2020-12-14T06:34:37.313Z to update
waiting until 2020-12-14T06:34:37.313Z to update
waiting until 2020-12-14T06:34:37.313Z to update
waiting until 2020-12-14T06:34:37.313Z to update
waiting until 2020-12-14T06:34:37.313Z to update
waiting until 2020-12-14T06:34:37.313Z to update
waiting until 2020-12-14T06:34:37.313Z to update
waiting until 2020-12-14T06:34:37.313Z to update
waiting until 2020-12-14T06:34:37.313Z to update
waiting until 2020-12-14T06:34:37.313Z to update
waiting until 2020-12-14T06:34:37.313Z to update
waiting until 2020-12-14T06:34:37.313Z to update
waiting until 2020-12-14T06:34:37.313Z to update
waiting until 2020-12-14T06:34:37.313Z to update
waiting until 2020-12-14T06:34:37.313Z to update
waiting until 2020-12-14T06:34:37.313Z to update
waiting until 2020-12-14T06:34:37.313Z to update
waiting until 2020-12-14T06:34:37.313Z to update
waiting until 2020-12-14T06:34:37.313Z to update
waiting until 2020-12-14T06:34:37.313Z to update
waiting until 2020-12-14T06:34:37.313Z to update
waiting until 2020-12-14T06:34:37.313Z to update
waiting until 2020-12-14T06:34:37.313Z to update
waiting until 2020-12-14T06:34:37.313Z to update
waiting until 2020-12-14T06:34:37.313Z to update
waiting until 2020-12-14T06:34:37.313Z to update
waiting until 2020-12-14T06:34:37.313Z to update
waiting until 2020-12-14T06:34:37.313Z to update
waiting until 2020-12-14T06:34:37.313Z to update
waiting until 2020-12-14T06:34:37.313Z to update
waiting until 2020-12-14T06:34:37.313Z to update
waiting until 2020-12-14T06:34:37.313Z to update
waiting until 2020-12-14T06:34:37.313Z to update
waiting until 2020-12-14T06:34:37.313Z to update
waiting until 2020-12-14T06:34:37.313Z to update
waiting until 2020-12-14T06:34:37.313Z to update
waiting until 2020-12-14T06:34:37.313Z to update
waiting until 2020-12-14T06:34:37.313Z to update
waiting until 2020-12-14T06:34:37.313Z to update
waiting until 2020-12-14T06:34:37.313Z to update
waiting until 2020-12-14T06:34:37.313Z to update
waiting until 2020-12-14T06:34:37.313Z to update
waiting until 2020-12-14T06:34:37.313Z to update
waiting until 2020-12-14T06:34:37.313Z to update
waiting until 2020-12-14T06:34:37.313Z to update
waiting until 2020-12-14T06:34:37.313Z to update
waiting until 2020-12-14T06:34:37.313Z to update
waiting until 2020-12-14T06:34:37.313Z to update
time to update
heroku: Updating CLI... !
Error: HTTP Error 404 for GET https://cli-assets.heroku.com/android-arm64
<html>
<head><title>404 Not Found</title></head>
<body>
<h1>404 Not Found</h1>
<ul>
<li>Code: NoSuchKey</li>
<li>Message: The specified key does not exist.</li>
<li>Key: android-arm64</li>
<li>RequestId: BFEA35A997A67F3E</li>
<li>HostId: nlJ2xt/KKu1Ew/ighgxDHjYmtqv81X4CTEewKo6oh6ZeUJi5PbMAZHQeWnd6DuVRf+qnq+p9dis=</li>
</ul>
<hr/>
</body>
</html>
    at HTTP._request (/data/data/com.termux/files/usr/lib/node_modules/heroku/node_modules/http-call/lib/http.js:215:19)
    at async Function.request (/data/data/com.termux/files/usr/lib/node_modules/heroku/node_modules/http-call/lib/http.js:162:9)
    at async UpdateCommand.fetchManifest (/data/data/com.termux/files/usr/lib/node_modules/heroku/node_modules/@oclif/plugin-update/lib/commands/update.js:46:28)
    at async UpdateCommand.run (/data/data/com.termux/files/usr/lib/node_modules/heroku/node_modules/@oclif/plugin-update/lib/commands/update.js:26:26)
    at async UpdateCommand._run (/data/data/com.termux/files/usr/lib/node_modules/heroku/node_modules/@oclif/command/lib/command.js:44:20)
    at async Config.runCommand (/data/data/com.termux/files/usr/lib/node_modules/heroku/node_modules/@oclif/config/lib/config.js:151:9)
    at async Main.run (/data/data/com.termux/files/usr/lib/node_modules/heroku/node_modules/@oclif/command/lib/main.js:21:9)
    at async Main._run (/data/data/com.termux/files/usr/lib/node_modules/heroku/node_modules/@oclif/command/lib/command.js:44:20)
